<?xml version="1.0" encoding="UTF-8"?>
<testng-results ignored="0" total="2" passed="2" failed="0" skipped="0">
  <reporter-output>
  </reporter-output>
  <suite started-at="2025-02-22T17:19:29 IST" name="Default suite" finished-at="2025-02-22T17:19:30 IST" duration-ms="684">
    <groups>
    </groups>
    <test started-at="2025-02-22T17:19:29 IST" name="Default test" finished-at="2025-02-22T17:19:30 IST" duration-ms="684">
      <class name="interViewPractice.TestSuper1">
        <test-method signature="integerActions(java.util.HashMap)[pri:0, instance:interViewPractice.TestSuper1@5ab956d7]" started-at="2025-02-22T17:19:30 IST" name="integerActions" data-provider="giveData" finished-at="2025-02-22T17:19:30 IST" duration-ms="19" status="PASS">
          <params>
            <param index="0">
              <value>
                <![CDATA[{a1=5, c1=4, b1=4}]]>
              </value>
            </param>
          </params>
          <reporter-output>
          </reporter-output>
        </test-method> <!-- integerActions -->
        <test-method signature="integerActions(java.util.HashMap)[pri:0, instance:interViewPractice.TestSuper1@5ab956d7]" started-at="2025-02-22T17:19:30 IST" name="integerActions" data-provider="giveData" finished-at="2025-02-22T17:19:30 IST" duration-ms="8" status="PASS">
          <params>
            <param index="0">
              <value>
                <![CDATA[{a1=7, c1=3, b1=6}]]>
              </value>
            </param>
          </params>
          <reporter-output>
          </reporter-output>
        </test-method> <!-- integerActions -->
      </class> <!-- interViewPractice.TestSuper1 -->
    </test> <!-- Default test -->
  </suite> <!-- Default suite -->
</testng-results>
