<?xml version="1.0" encoding="UTF-8"?>
<testng-results ignored="0" total="1" passed="1" failed="0" skipped="0">
  <reporter-output>
  </reporter-output>
  <suite started-at="2025-02-28T16:37:04 IST" name="Default suite" finished-at="2025-02-28T16:37:08 IST" duration-ms="4799">
    <groups>
    </groups>
    <test started-at="2025-02-28T16:37:04 IST" name="Default test" finished-at="2025-02-28T16:37:08 IST" duration-ms="4799">
      <class name="interViewPractice.Interview">
        <test-method signature="factorial()[pri:0, instance:interViewPractice.Interview@4686afc2]" started-at="2025-02-28T16:37:04 IST" name="factorial" finished-at="2025-02-28T16:37:08 IST" duration-ms="4718" status="PASS">
          <reporter-output>
          </reporter-output>
        </test-method> <!-- factorial -->
      </class> <!-- interViewPractice.Interview -->
    </test> <!-- Default test -->
  </suite> <!-- Default suite -->
</testng-results>
